<?xml version="1.0" encoding="UTF-8"?>
<!-- Generated by org.testng.reporters.JUnitReportReporter -->
<testsuite hostname="IN2-APRASAD" failures="0" tests="1" name="com.inetBanking.testCases.TC_login" time="2.407" errors="0" timestamp="2022-04-08T11:32:50 IST" skipped="0">
  <testcase classname="com.inetBanking.testCases.TC_login" name="loginTest" time="2.407"/>
  <system-out/>
</testsuite> <!-- com.inetBanking.testCases.TC_login -->
